2015-03-27 03:53:23 [192.168.33.1][-][-][warning][yii\debug\Module::checkAccess] Access to debugger is denied due to IP address restriction. The requesting IP address is 192.168.33.1
    in /alidata/www/index/movienext-aliyun/advanced/api/views/layouts/main.php:68
    in /alidata/www/index/movienext-aliyun/advanced/backend/controllers/SiteController.php:73
2015-03-27 03:53:22 [192.168.33.1][-][-][info][application] $_GET = [
    'r' => 'site/login'
]

$_SERVER = [
    'USER' => 'vagrant'
    'HOME' => '/home/vagrant'
    'FCGI_ROLE' => 'RESPONDER'
    'QUERY_STRING' => 'r=site%2Flogin'
    'REQUEST_METHOD' => 'GET'
    'CONTENT_TYPE' => ''
    'CONTENT_LENGTH' => ''
    'SCRIPT_NAME' => '/index.php'
    'REQUEST_URI' => '/index.php?r=site%2Flogin'
    'DOCUMENT_URI' => '/index.php'
    'DOCUMENT_ROOT' => '/alidata/www/index/movienext-aliyun/advanced/api/web'
    'SERVER_PROTOCOL' => 'HTTP/1.1'
    'GATEWAY_INTERFACE' => 'CGI/1.1'
    'SERVER_SOFTWARE' => 'nginx/1.0.0'
    'REMOTE_ADDR' => '192.168.33.1'
    'REMOTE_PORT' => '52779'
    'SERVER_ADDR' => '192.168.33.10'
    'SERVER_PORT' => '80'
    'SERVER_NAME' => 'api.dev.com'
    'REDIRECT_STATUS' => '200'
    'SCRIPT_FILENAME' => '/alidata/www/index/movienext-aliyun/advanced/api/web//index.php'
    'HTTP_HOST' => 'api.dev.com'
    'HTTP_CONNECTION' => 'keep-alive'
    'HTTP_ACCEPT' => 'text/html,application/xhtml+xml,application/xml;q=0.9,image/webp,*/*;q=0.8'
    'HTTP_USER_AGENT' => 'Mozilla/5.0 (Macintosh; Intel Mac OS X 10_10_3) AppleWebKit/537.36 (KHTML, like Gecko) Chrome/41.0.2272.104 Safari/537.36'
    'HTTP_ACCEPT_ENCODING' => 'gzip, deflate, sdch'
    'HTTP_ACCEPT_LANGUAGE' => 'zh-CN,zh;q=0.8,en;q=0.6'
    'PHP_SELF' => '/index.php'
    'REQUEST_TIME_FLOAT' => 1427428402.2979
    'REQUEST_TIME' => 1427428402
]
2015-03-27 06:37:39 [192.168.33.1][-][-][error][yii\db\Exception] exception 'PDOException' with message 'SQLSTATE[28000] [1045] Access denied for user 'root'@'localhost' (using password: NO)' in /alidata/www/index/movienext-aliyun/advanced/vendor/yiisoft/yii2/db/Connection.php:579
Stack trace:
#0 /alidata/www/index/movienext-aliyun/advanced/vendor/yiisoft/yii2/db/Connection.php(579): PDO->__construct('mysql:host=loca...', 'root', '', NULL)
#1 /alidata/www/index/movienext-aliyun/advanced/vendor/yiisoft/yii2/db/Connection.php(529): yii\db\Connection->createPdoInstance()
#2 /alidata/www/index/movienext-aliyun/advanced/vendor/yiisoft/yii2/db/Connection.php(836): yii\db\Connection->open()
#3 /alidata/www/index/movienext-aliyun/advanced/vendor/yiisoft/yii2/db/Connection.php(823): yii\db\Connection->getMasterPdo()
#4 /alidata/www/index/movienext-aliyun/advanced/vendor/yiisoft/yii2/db/Schema.php(383): yii\db\Connection->getSlavePdo()
#5 /alidata/www/index/movienext-aliyun/advanced/vendor/yiisoft/yii2/db/Connection.php(732): yii\db\Schema->quoteValue('admin')
#6 /alidata/www/index/movienext-aliyun/advanced/vendor/yiisoft/yii2/db/Command.php(164): yii\db\Connection->quoteValue('admin')
#7 /alidata/www/index/movienext-aliyun/advanced/vendor/yiisoft/yii2/db/Command.php(791): yii\db\Command->getRawSql()
#8 /alidata/www/index/movienext-aliyun/advanced/vendor/yiisoft/yii2/db/Command.php(364): yii\db\Command->queryInternal('fetch', NULL)
#9 /alidata/www/index/movienext-aliyun/advanced/vendor/yiisoft/yii2/db/Query.php(243): yii\db\Command->queryOne()
#10 /alidata/www/index/movienext-aliyun/advanced/vendor/yiisoft/yii2/db/ActiveQuery.php(285): yii\db\Query->one(NULL)
#11 /alidata/www/index/movienext-aliyun/advanced/vendor/yiisoft/yii2/db/BaseActiveRecord.php(101): yii\db\ActiveQuery->one()
#12 /alidata/www/index/movienext-aliyun/advanced/common/models/User.php(82): yii\db\BaseActiveRecord::findOne(Array)
#13 /alidata/www/index/movienext-aliyun/advanced/common/models/LoginForm.php(73): common\models\User::findByUsername('admin')
#14 /alidata/www/index/movienext-aliyun/advanced/common/models/LoginForm.php(44): common\models\LoginForm->getUser()
#15 [internal function]: common\models\LoginForm->validatePassword('password', NULL)
#16 /alidata/www/index/movienext-aliyun/advanced/vendor/yiisoft/yii2/validators/InlineValidator.php(69): call_user_func(Array, 'password', NULL)
#17 /alidata/www/index/movienext-aliyun/advanced/vendor/yiisoft/yii2/validators/Validator.php(238): yii\validators\InlineValidator->validateAttribute(Object(common\models\LoginForm), 'password')
#18 /alidata/www/index/movienext-aliyun/advanced/vendor/yiisoft/yii2/base/Model.php(333): yii\validators\Validator->validateAttributes(Object(common\models\LoginForm), Array)
#19 /alidata/www/index/movienext-aliyun/advanced/common/models/LoginForm.php(58): yii\base\Model->validate()
#20 /alidata/www/index/movienext-aliyun/advanced/backend/controllers/SiteController.php(68): common\models\LoginForm->login()
#21 [internal function]: backend\controllers\SiteController->actionLogin()
#22 /alidata/www/index/movienext-aliyun/advanced/vendor/yiisoft/yii2/base/InlineAction.php(55): call_user_func_array(Array, Array)
#23 /alidata/www/index/movienext-aliyun/advanced/vendor/yiisoft/yii2/base/Controller.php(151): yii\base\InlineAction->runWithParams(Array)
#24 /alidata/www/index/movienext-aliyun/advanced/vendor/yiisoft/yii2/base/Module.php(455): yii\base\Controller->runAction('login', Array)
#25 /alidata/www/index/movienext-aliyun/advanced/vendor/yiisoft/yii2/web/Application.php(83): yii\base\Module->runAction('site/login', Array)
#26 /alidata/www/index/movienext-aliyun/advanced/vendor/yiisoft/yii2/base/Application.php(375): yii\web\Application->handleRequest(Object(yii\web\Request))
#27 /alidata/www/index/movienext-aliyun/advanced/api/web/index.php(18): yii\base\Application->run()
#28 {main}

Next exception 'yii\db\Exception' with message 'SQLSTATE[28000] [1045] Access denied for user 'root'@'localhost' (using password: NO)' in /alidata/www/index/movienext-aliyun/advanced/vendor/yiisoft/yii2/db/Connection.php:534
Stack trace:
#0 /alidata/www/index/movienext-aliyun/advanced/vendor/yiisoft/yii2/db/Connection.php(836): yii\db\Connection->open()
#1 /alidata/www/index/movienext-aliyun/advanced/vendor/yiisoft/yii2/db/Connection.php(823): yii\db\Connection->getMasterPdo()
#2 /alidata/www/index/movienext-aliyun/advanced/vendor/yiisoft/yii2/db/Schema.php(383): yii\db\Connection->getSlavePdo()
#3 /alidata/www/index/movienext-aliyun/advanced/vendor/yiisoft/yii2/db/Connection.php(732): yii\db\Schema->quoteValue('admin')
#4 /alidata/www/index/movienext-aliyun/advanced/vendor/yiisoft/yii2/db/Command.php(164): yii\db\Connection->quoteValue('admin')
#5 /alidata/www/index/movienext-aliyun/advanced/vendor/yiisoft/yii2/db/Command.php(791): yii\db\Command->getRawSql()
#6 /alidata/www/index/movienext-aliyun/advanced/vendor/yiisoft/yii2/db/Command.php(364): yii\db\Command->queryInternal('fetch', NULL)
#7 /alidata/www/index/movienext-aliyun/advanced/vendor/yiisoft/yii2/db/Query.php(243): yii\db\Command->queryOne()
#8 /alidata/www/index/movienext-aliyun/advanced/vendor/yiisoft/yii2/db/ActiveQuery.php(285): yii\db\Query->one(NULL)
#9 /alidata/www/index/movienext-aliyun/advanced/vendor/yiisoft/yii2/db/BaseActiveRecord.php(101): yii\db\ActiveQuery->one()
#10 /alidata/www/index/movienext-aliyun/advanced/common/models/User.php(82): yii\db\BaseActiveRecord::findOne(Array)
#11 /alidata/www/index/movienext-aliyun/advanced/common/models/LoginForm.php(73): common\models\User::findByUsername('admin')
#12 /alidata/www/index/movienext-aliyun/advanced/common/models/LoginForm.php(44): common\models\LoginForm->getUser()
#13 [internal function]: common\models\LoginForm->validatePassword('password', NULL)
#14 /alidata/www/index/movienext-aliyun/advanced/vendor/yiisoft/yii2/validators/InlineValidator.php(69): call_user_func(Array, 'password', NULL)
#15 /alidata/www/index/movienext-aliyun/advanced/vendor/yiisoft/yii2/validators/Validator.php(238): yii\validators\InlineValidator->validateAttribute(Object(common\models\LoginForm), 'password')
#16 /alidata/www/index/movienext-aliyun/advanced/vendor/yiisoft/yii2/base/Model.php(333): yii\validators\Validator->validateAttributes(Object(common\models\LoginForm), Array)
#17 /alidata/www/index/movienext-aliyun/advanced/common/models/LoginForm.php(58): yii\base\Model->validate()
#18 /alidata/www/index/movienext-aliyun/advanced/backend/controllers/SiteController.php(68): common\models\LoginForm->login()
#19 [internal function]: backend\controllers\SiteController->actionLogin()
#20 /alidata/www/index/movienext-aliyun/advanced/vendor/yiisoft/yii2/base/InlineAction.php(55): call_user_func_array(Array, Array)
#21 /alidata/www/index/movienext-aliyun/advanced/vendor/yiisoft/yii2/base/Controller.php(151): yii\base\InlineAction->runWithParams(Array)
#22 /alidata/www/index/movienext-aliyun/advanced/vendor/yiisoft/yii2/base/Module.php(455): yii\base\Controller->runAction('login', Array)
#23 /alidata/www/index/movienext-aliyun/advanced/vendor/yiisoft/yii2/web/Application.php(83): yii\base\Module->runAction('site/login', Array)
#24 /alidata/www/index/movienext-aliyun/advanced/vendor/yiisoft/yii2/base/Application.php(375): yii\web\Application->handleRequest(Object(yii\web\Request))
#25 /alidata/www/index/movienext-aliyun/advanced/api/web/index.php(18): yii\base\Application->run()
#26 {main}
Additional Information:

2015-03-27 06:37:40 [192.168.33.1][-][-][warning][yii\debug\Module::checkAccess] Access to debugger is denied due to IP address restriction. The requesting IP address is 192.168.33.1
2015-03-27 06:37:39 [192.168.33.1][-][-][info][application] $_GET = [
    'r' => 'site/login'
]

$_POST = [
    '_csrf' => 'Qk54VGpuOEdvBREjCBdKdjgZADI8BwEuFwMCNScKSQIHABodNQAKPg=='
    'LoginForm' => [
        'username' => 'admin'
        'password' => 'admin'
        'rememberMe' => '1'
    ]
    'login-button' => ''
]

$_COOKIE = [
    '_csrf' => 'd561a7c7c52de8fcebbb8d3b4d6bb39b41bb7c1b8dcb0122666b6fbeace0e3e5a:2:{i:0;s:5:\"_csrf\";i:1;s:32:\"-Kiwbyr1zWxfVi9iUMzaMdqEENbI_n2y\";}'
]

$_SERVER = [
    'USER' => 'vagrant'
    'HOME' => '/home/vagrant'
    'FCGI_ROLE' => 'RESPONDER'
    'QUERY_STRING' => 'r=site%2Flogin'
    'REQUEST_METHOD' => 'POST'
    'CONTENT_TYPE' => 'application/x-www-form-urlencoded'
    'CONTENT_LENGTH' => '196'
    'SCRIPT_NAME' => '/index.php'
    'REQUEST_URI' => '/index.php?r=site%2Flogin'
    'DOCUMENT_URI' => '/index.php'
    'DOCUMENT_ROOT' => '/alidata/www/index/movienext-aliyun/advanced/api/web'
    'SERVER_PROTOCOL' => 'HTTP/1.1'
    'GATEWAY_INTERFACE' => 'CGI/1.1'
    'SERVER_SOFTWARE' => 'nginx/1.0.0'
    'REMOTE_ADDR' => '192.168.33.1'
    'REMOTE_PORT' => '54923'
    'SERVER_ADDR' => '192.168.33.10'
    'SERVER_PORT' => '80'
    'SERVER_NAME' => 'api.dev.com'
    'REDIRECT_STATUS' => '200'
    'SCRIPT_FILENAME' => '/alidata/www/index/movienext-aliyun/advanced/api/web//index.php'
    'HTTP_HOST' => 'api.dev.com'
    'HTTP_CONNECTION' => 'keep-alive'
    'HTTP_CONTENT_LENGTH' => '196'
    'HTTP_CACHE_CONTROL' => 'max-age=0'
    'HTTP_ACCEPT' => 'text/html,application/xhtml+xml,application/xml;q=0.9,image/webp,*/*;q=0.8'
    'HTTP_ORIGIN' => 'http://api.dev.com'
    'HTTP_USER_AGENT' => 'Mozilla/5.0 (Macintosh; Intel Mac OS X 10_10_3) AppleWebKit/537.36 (KHTML, like Gecko) Chrome/41.0.2272.104 Safari/537.36'
    'HTTP_CONTENT_TYPE' => 'application/x-www-form-urlencoded'
    'HTTP_REFERER' => 'http://api.dev.com/index.php?r=site%2Flogin'
    'HTTP_ACCEPT_ENCODING' => 'gzip, deflate'
    'HTTP_ACCEPT_LANGUAGE' => 'zh-CN,zh;q=0.8,en;q=0.6'
    'HTTP_COOKIE' => '_csrf=d561a7c7c52de8fcebbb8d3b4d6bb39b41bb7c1b8dcb0122666b6fbeace0e3e5a%3A2%3A%7Bi%3A0%3Bs%3A5%3A%22_csrf%22%3Bi%3A1%3Bs%3A32%3A%22-Kiwbyr1zWxfVi9iUMzaMdqEENbI_n2y%22%3B%7D'
    'PHP_SELF' => '/index.php'
    'REQUEST_TIME_FLOAT' => 1427438259.2712
    'REQUEST_TIME' => 1427438259
]
2015-03-27 06:46:19 [192.168.33.1][-][-][error][yii\db\Exception] exception 'PDOException' with message 'SQLSTATE[42S02]: Base table or view not found: 1146 Table 'demo.user' doesn't exist' in /alidata/www/index/movienext-aliyun/advanced/vendor/yiisoft/yii2/db/Command.php:822
Stack trace:
#0 /alidata/www/index/movienext-aliyun/advanced/vendor/yiisoft/yii2/db/Command.php(822): PDOStatement->execute()
#1 /alidata/www/index/movienext-aliyun/advanced/vendor/yiisoft/yii2/db/Command.php(364): yii\db\Command->queryInternal('fetch', NULL)
#2 /alidata/www/index/movienext-aliyun/advanced/vendor/yiisoft/yii2/db/Query.php(243): yii\db\Command->queryOne()
#3 /alidata/www/index/movienext-aliyun/advanced/vendor/yiisoft/yii2/db/ActiveQuery.php(285): yii\db\Query->one(NULL)
#4 /alidata/www/index/movienext-aliyun/advanced/vendor/yiisoft/yii2/db/BaseActiveRecord.php(101): yii\db\ActiveQuery->one()
#5 /alidata/www/index/movienext-aliyun/advanced/common/models/User.php(82): yii\db\BaseActiveRecord::findOne(Array)
#6 /alidata/www/index/movienext-aliyun/advanced/common/models/LoginForm.php(73): common\models\User::findByUsername('admin')
#7 /alidata/www/index/movienext-aliyun/advanced/common/models/LoginForm.php(44): common\models\LoginForm->getUser()
#8 [internal function]: common\models\LoginForm->validatePassword('password', NULL)
#9 /alidata/www/index/movienext-aliyun/advanced/vendor/yiisoft/yii2/validators/InlineValidator.php(69): call_user_func(Array, 'password', NULL)
#10 /alidata/www/index/movienext-aliyun/advanced/vendor/yiisoft/yii2/validators/Validator.php(238): yii\validators\InlineValidator->validateAttribute(Object(common\models\LoginForm), 'password')
#11 /alidata/www/index/movienext-aliyun/advanced/vendor/yiisoft/yii2/base/Model.php(333): yii\validators\Validator->validateAttributes(Object(common\models\LoginForm), Array)
#12 /alidata/www/index/movienext-aliyun/advanced/common/models/LoginForm.php(58): yii\base\Model->validate()
#13 /alidata/www/index/movienext-aliyun/advanced/backend/controllers/SiteController.php(68): common\models\LoginForm->login()
#14 [internal function]: backend\controllers\SiteController->actionLogin()
#15 /alidata/www/index/movienext-aliyun/advanced/vendor/yiisoft/yii2/base/InlineAction.php(55): call_user_func_array(Array, Array)
#16 /alidata/www/index/movienext-aliyun/advanced/vendor/yiisoft/yii2/base/Controller.php(151): yii\base\InlineAction->runWithParams(Array)
#17 /alidata/www/index/movienext-aliyun/advanced/vendor/yiisoft/yii2/base/Module.php(455): yii\base\Controller->runAction('login', Array)
#18 /alidata/www/index/movienext-aliyun/advanced/vendor/yiisoft/yii2/web/Application.php(83): yii\base\Module->runAction('site/login', Array)
#19 /alidata/www/index/movienext-aliyun/advanced/vendor/yiisoft/yii2/base/Application.php(375): yii\web\Application->handleRequest(Object(yii\web\Request))
#20 /alidata/www/index/movienext-aliyun/advanced/api/web/index.php(18): yii\base\Application->run()
#21 {main}

Next exception 'yii\db\Exception' with message 'SQLSTATE[42S02]: Base table or view not found: 1146 Table 'demo.user' doesn't exist
The SQL being executed was: SELECT * FROM `user` WHERE (`username`='admin') AND (`status`=10)' in /alidata/www/index/movienext-aliyun/advanced/vendor/yiisoft/yii2/db/Schema.php:534
Stack trace:
#0 /alidata/www/index/movienext-aliyun/advanced/vendor/yiisoft/yii2/db/Command.php(837): yii\db\Schema->convertException(Object(PDOException), 'SELECT * FROM `...')
#1 /alidata/www/index/movienext-aliyun/advanced/vendor/yiisoft/yii2/db/Command.php(364): yii\db\Command->queryInternal('fetch', NULL)
#2 /alidata/www/index/movienext-aliyun/advanced/vendor/yiisoft/yii2/db/Query.php(243): yii\db\Command->queryOne()
#3 /alidata/www/index/movienext-aliyun/advanced/vendor/yiisoft/yii2/db/ActiveQuery.php(285): yii\db\Query->one(NULL)
#4 /alidata/www/index/movienext-aliyun/advanced/vendor/yiisoft/yii2/db/BaseActiveRecord.php(101): yii\db\ActiveQuery->one()
#5 /alidata/www/index/movienext-aliyun/advanced/common/models/User.php(82): yii\db\BaseActiveRecord::findOne(Array)
#6 /alidata/www/index/movienext-aliyun/advanced/common/models/LoginForm.php(73): common\models\User::findByUsername('admin')
#7 /alidata/www/index/movienext-aliyun/advanced/common/models/LoginForm.php(44): common\models\LoginForm->getUser()
#8 [internal function]: common\models\LoginForm->validatePassword('password', NULL)
#9 /alidata/www/index/movienext-aliyun/advanced/vendor/yiisoft/yii2/validators/InlineValidator.php(69): call_user_func(Array, 'password', NULL)
#10 /alidata/www/index/movienext-aliyun/advanced/vendor/yiisoft/yii2/validators/Validator.php(238): yii\validators\InlineValidator->validateAttribute(Object(common\models\LoginForm), 'password')
#11 /alidata/www/index/movienext-aliyun/advanced/vendor/yiisoft/yii2/base/Model.php(333): yii\validators\Validator->validateAttributes(Object(common\models\LoginForm), Array)
#12 /alidata/www/index/movienext-aliyun/advanced/common/models/LoginForm.php(58): yii\base\Model->validate()
#13 /alidata/www/index/movienext-aliyun/advanced/backend/controllers/SiteController.php(68): common\models\LoginForm->login()
#14 [internal function]: backend\controllers\SiteController->actionLogin()
#15 /alidata/www/index/movienext-aliyun/advanced/vendor/yiisoft/yii2/base/InlineAction.php(55): call_user_func_array(Array, Array)
#16 /alidata/www/index/movienext-aliyun/advanced/vendor/yiisoft/yii2/base/Controller.php(151): yii\base\InlineAction->runWithParams(Array)
#17 /alidata/www/index/movienext-aliyun/advanced/vendor/yiisoft/yii2/base/Module.php(455): yii\base\Controller->runAction('login', Array)
#18 /alidata/www/index/movienext-aliyun/advanced/vendor/yiisoft/yii2/web/Application.php(83): yii\base\Module->runAction('site/login', Array)
#19 /alidata/www/index/movienext-aliyun/advanced/vendor/yiisoft/yii2/base/Application.php(375): yii\web\Application->handleRequest(Object(yii\web\Request))
#20 /alidata/www/index/movienext-aliyun/advanced/api/web/index.php(18): yii\base\Application->run()
#21 {main}
Additional Information:
Array
(
    [0] => 42S02
    [1] => 1146
    [2] => Table 'demo.user' doesn't exist
)

2015-03-27 06:46:19 [192.168.33.1][-][-][warning][yii\debug\Module::checkAccess] Access to debugger is denied due to IP address restriction. The requesting IP address is 192.168.33.1
2015-03-27 06:46:19 [192.168.33.1][-][-][info][application] $_GET = [
    'r' => 'site/login'
]

$_POST = [
    '_csrf' => 'Qk54VGpuOEdvBREjCBdKdjgZADI8BwEuFwMCNScKSQIHABodNQAKPg=='
    'LoginForm' => [
        'username' => 'admin'
        'password' => 'admin'
        'rememberMe' => '1'
    ]
    'login-button' => ''
]

$_COOKIE = [
    '_csrf' => 'd561a7c7c52de8fcebbb8d3b4d6bb39b41bb7c1b8dcb0122666b6fbeace0e3e5a:2:{i:0;s:5:\"_csrf\";i:1;s:32:\"-Kiwbyr1zWxfVi9iUMzaMdqEENbI_n2y\";}'
]

$_SERVER = [
    'USER' => 'vagrant'
    'HOME' => '/home/vagrant'
    'FCGI_ROLE' => 'RESPONDER'
    'QUERY_STRING' => 'r=site%2Flogin'
    'REQUEST_METHOD' => 'POST'
    'CONTENT_TYPE' => 'application/x-www-form-urlencoded'
    'CONTENT_LENGTH' => '196'
    'SCRIPT_NAME' => '/index.php'
    'REQUEST_URI' => '/index.php?r=site%2Flogin'
    'DOCUMENT_URI' => '/index.php'
    'DOCUMENT_ROOT' => '/alidata/www/index/movienext-aliyun/advanced/api/web'
    'SERVER_PROTOCOL' => 'HTTP/1.1'
    'GATEWAY_INTERFACE' => 'CGI/1.1'
    'SERVER_SOFTWARE' => 'nginx/1.0.0'
    'REMOTE_ADDR' => '192.168.33.1'
    'REMOTE_PORT' => '55667'
    'SERVER_ADDR' => '192.168.33.10'
    'SERVER_PORT' => '80'
    'SERVER_NAME' => 'api.dev.com'
    'REDIRECT_STATUS' => '200'
    'SCRIPT_FILENAME' => '/alidata/www/index/movienext-aliyun/advanced/api/web//index.php'
    'HTTP_HOST' => 'api.dev.com'
    'HTTP_CONNECTION' => 'keep-alive'
    'HTTP_CONTENT_LENGTH' => '196'
    'HTTP_CACHE_CONTROL' => 'max-age=0'
    'HTTP_ACCEPT' => 'text/html,application/xhtml+xml,application/xml;q=0.9,image/webp,*/*;q=0.8'
    'HTTP_ORIGIN' => 'http://api.dev.com'
    'HTTP_USER_AGENT' => 'Mozilla/5.0 (Macintosh; Intel Mac OS X 10_10_3) AppleWebKit/537.36 (KHTML, like Gecko) Chrome/41.0.2272.104 Safari/537.36'
    'HTTP_CONTENT_TYPE' => 'application/x-www-form-urlencoded'
    'HTTP_REFERER' => 'http://api.dev.com/index.php?r=site%2Flogin'
    'HTTP_ACCEPT_ENCODING' => 'gzip, deflate'
    'HTTP_ACCEPT_LANGUAGE' => 'zh-CN,zh;q=0.8,en;q=0.6'
    'HTTP_COOKIE' => '_csrf=d561a7c7c52de8fcebbb8d3b4d6bb39b41bb7c1b8dcb0122666b6fbeace0e3e5a%3A2%3A%7Bi%3A0%3Bs%3A5%3A%22_csrf%22%3Bi%3A1%3Bs%3A32%3A%22-Kiwbyr1zWxfVi9iUMzaMdqEENbI_n2y%22%3B%7D'
    'PHP_SELF' => '/index.php'
    'REQUEST_TIME_FLOAT' => 1427438779.3079
    'REQUEST_TIME' => 1427438779
]
2015-03-27 07:38:32 [192.168.33.1][-][-][warning][yii\debug\Module::checkAccess] Access to debugger is denied due to IP address restriction. The requesting IP address is 192.168.33.1
    in /alidata/www/index/movienext-aliyun/advanced/api/views/layouts/main.php:68
    in /alidata/www/index/movienext-aliyun/advanced/backend/controllers/SiteController.php:73
2015-03-27 07:38:32 [192.168.33.1][-][-][info][application] $_GET = [
    'r' => 'site/login'
]

$_POST = [
    '_csrf' => 'Qk54VGpuOEdvBREjCBdKdjgZADI8BwEuFwMCNScKSQIHABodNQAKPg=='
    'LoginForm' => [
        'username' => 'admin'
        'password' => 'admin'
        'rememberMe' => '1'
    ]
    'login-button' => ''
]

$_COOKIE = [
    '_csrf' => 'd561a7c7c52de8fcebbb8d3b4d6bb39b41bb7c1b8dcb0122666b6fbeace0e3e5a:2:{i:0;s:5:\"_csrf\";i:1;s:32:\"-Kiwbyr1zWxfVi9iUMzaMdqEENbI_n2y\";}'
]

$_SERVER = [
    'USER' => 'vagrant'
    'HOME' => '/home/vagrant'
    'FCGI_ROLE' => 'RESPONDER'
    'QUERY_STRING' => 'r=site%2Flogin'
    'REQUEST_METHOD' => 'POST'
    'CONTENT_TYPE' => 'application/x-www-form-urlencoded'
    'CONTENT_LENGTH' => '196'
    'SCRIPT_NAME' => '/index.php'
    'REQUEST_URI' => '/index.php?r=site%2Flogin'
    'DOCUMENT_URI' => '/index.php'
    'DOCUMENT_ROOT' => '/alidata/www/index/movienext-aliyun/advanced/api/web'
    'SERVER_PROTOCOL' => 'HTTP/1.1'
    'GATEWAY_INTERFACE' => 'CGI/1.1'
    'SERVER_SOFTWARE' => 'nginx/1.0.0'
    'REMOTE_ADDR' => '192.168.33.1'
    'REMOTE_PORT' => '60529'
    'SERVER_ADDR' => '192.168.33.10'
    'SERVER_PORT' => '80'
    'SERVER_NAME' => 'api.dev.com'
    'REDIRECT_STATUS' => '200'
    'SCRIPT_FILENAME' => '/alidata/www/index/movienext-aliyun/advanced/api/web//index.php'
    'HTTP_HOST' => 'api.dev.com'
    'HTTP_CONNECTION' => 'keep-alive'
    'HTTP_CONTENT_LENGTH' => '196'
    'HTTP_CACHE_CONTROL' => 'max-age=0'
    'HTTP_ACCEPT' => 'text/html,application/xhtml+xml,application/xml;q=0.9,image/webp,*/*;q=0.8'
    'HTTP_ORIGIN' => 'http://api.dev.com'
    'HTTP_USER_AGENT' => 'Mozilla/5.0 (Macintosh; Intel Mac OS X 10_10_3) AppleWebKit/537.36 (KHTML, like Gecko) Chrome/41.0.2272.104 Safari/537.36'
    'HTTP_CONTENT_TYPE' => 'application/x-www-form-urlencoded'
    'HTTP_REFERER' => 'http://api.dev.com/index.php?r=site%2Flogin'
    'HTTP_ACCEPT_ENCODING' => 'gzip, deflate'
    'HTTP_ACCEPT_LANGUAGE' => 'zh-CN,zh;q=0.8,en;q=0.6'
    'HTTP_COOKIE' => '_csrf=d561a7c7c52de8fcebbb8d3b4d6bb39b41bb7c1b8dcb0122666b6fbeace0e3e5a%3A2%3A%7Bi%3A0%3Bs%3A5%3A%22_csrf%22%3Bi%3A1%3Bs%3A32%3A%22-Kiwbyr1zWxfVi9iUMzaMdqEENbI_n2y%22%3B%7D'
    'PHP_SELF' => '/index.php'
    'REQUEST_TIME_FLOAT' => 1427441912.3507
    'REQUEST_TIME' => 1427441912
]
2015-03-27 08:26:39 [192.168.33.1][-][-][warning][yii\gii\Module::checkAccess] Access to Gii is denied due to IP address restriction. The requested IP is 192.168.33.1
2015-03-27 08:26:39 [192.168.33.1][-][-][error][yii\web\HttpException:403] exception 'yii\web\ForbiddenHttpException' with message 'You are not allowed to access this page.' in /alidata/www/index/movienext-aliyun/advanced/vendor/yiisoft/yii2-gii/Module.php:112
Stack trace:
#0 /alidata/www/index/movienext-aliyun/advanced/vendor/yiisoft/yii2/base/Controller.php(139): yii\gii\Module->beforeAction(Object(yii\base\InlineAction))
#1 /alidata/www/index/movienext-aliyun/advanced/vendor/yiisoft/yii2/base/Module.php(455): yii\base\Controller->runAction('', Array)
#2 /alidata/www/index/movienext-aliyun/advanced/vendor/yiisoft/yii2/web/Application.php(83): yii\base\Module->runAction('gii', Array)
#3 /alidata/www/index/movienext-aliyun/advanced/vendor/yiisoft/yii2/base/Application.php(375): yii\web\Application->handleRequest(Object(yii\web\Request))
#4 /alidata/www/index/movienext-aliyun/advanced/api/web/index.php(18): yii\base\Application->run()
#5 {main}
2015-03-27 08:26:39 [192.168.33.1][-][-][warning][yii\debug\Module::checkAccess] Access to debugger is denied due to IP address restriction. The requesting IP address is 192.168.33.1
    in /alidata/www/index/movienext-aliyun/advanced/api/views/layouts/main.php:68
2015-03-27 08:26:39 [192.168.33.1][-][-][info][application] $_GET = [
    'r' => 'gii'
]

$_COOKIE = [
    '_csrf' => 'd561a7c7c52de8fcebbb8d3b4d6bb39b41bb7c1b8dcb0122666b6fbeace0e3e5a:2:{i:0;s:5:\"_csrf\";i:1;s:32:\"-Kiwbyr1zWxfVi9iUMzaMdqEENbI_n2y\";}'
]

$_SERVER = [
    'USER' => 'vagrant'
    'HOME' => '/home/vagrant'
    'FCGI_ROLE' => 'RESPONDER'
    'QUERY_STRING' => 'r=gii'
    'REQUEST_METHOD' => 'GET'
    'CONTENT_TYPE' => ''
    'CONTENT_LENGTH' => ''
    'SCRIPT_NAME' => '/index.php'
    'REQUEST_URI' => '/index.php?r=gii'
    'DOCUMENT_URI' => '/index.php'
    'DOCUMENT_ROOT' => '/alidata/www/index/movienext-aliyun/advanced/api/web'
    'SERVER_PROTOCOL' => 'HTTP/1.1'
    'GATEWAY_INTERFACE' => 'CGI/1.1'
    'SERVER_SOFTWARE' => 'nginx/1.0.0'
    'REMOTE_ADDR' => '192.168.33.1'
    'REMOTE_PORT' => '64630'
    'SERVER_ADDR' => '192.168.33.10'
    'SERVER_PORT' => '80'
    'SERVER_NAME' => 'api.dev.com'
    'REDIRECT_STATUS' => '200'
    'SCRIPT_FILENAME' => '/alidata/www/index/movienext-aliyun/advanced/api/web//index.php'
    'HTTP_HOST' => 'api.dev.com'
    'HTTP_CONNECTION' => 'keep-alive'
    'HTTP_ACCEPT' => 'text/html,application/xhtml+xml,application/xml;q=0.9,image/webp,*/*;q=0.8'
    'HTTP_USER_AGENT' => 'Mozilla/5.0 (Macintosh; Intel Mac OS X 10_10_3) AppleWebKit/537.36 (KHTML, like Gecko) Chrome/41.0.2272.104 Safari/537.36'
    'HTTP_ACCEPT_ENCODING' => 'gzip, deflate, sdch'
    'HTTP_ACCEPT_LANGUAGE' => 'zh-CN,zh;q=0.8,en;q=0.6'
    'HTTP_COOKIE' => '_csrf=d561a7c7c52de8fcebbb8d3b4d6bb39b41bb7c1b8dcb0122666b6fbeace0e3e5a%3A2%3A%7Bi%3A0%3Bs%3A5%3A%22_csrf%22%3Bi%3A1%3Bs%3A32%3A%22-Kiwbyr1zWxfVi9iUMzaMdqEENbI_n2y%22%3B%7D'
    'PHP_SELF' => '/index.php'
    'REQUEST_TIME_FLOAT' => 1427444799.1165
    'REQUEST_TIME' => 1427444799
]
2015-03-30 07:35:24 [192.168.33.1][-][-][error][yii\base\InvalidParamException] exception 'yii\base\InvalidParamException' with message 'The view file does not exist: /alidata/www/index/movienext-aliyun/advanced/api/views/section/create.php' in /alidata/www/index/movienext-aliyun/advanced/vendor/yiisoft/yii2/base/View.php:226
Stack trace:
#0 /alidata/www/index/movienext-aliyun/advanced/vendor/yiisoft/yii2/base/View.php(149): yii\base\View->renderFile('/alidata/www/in...', Array, Object(backend\controllers\SectionController))
#1 /alidata/www/index/movienext-aliyun/advanced/vendor/yiisoft/yii2/base/Controller.php(367): yii\base\View->render('create', Array, Object(backend\controllers\SectionController))
#2 /alidata/www/index/movienext-aliyun/advanced/backend/controllers/SectionController.php(70): yii\base\Controller->render('create', Array)
#3 [internal function]: backend\controllers\SectionController->actionCreate()
#4 /alidata/www/index/movienext-aliyun/advanced/vendor/yiisoft/yii2/base/InlineAction.php(55): call_user_func_array(Array, Array)
#5 /alidata/www/index/movienext-aliyun/advanced/vendor/yiisoft/yii2/base/Controller.php(151): yii\base\InlineAction->runWithParams(Array)
#6 /alidata/www/index/movienext-aliyun/advanced/vendor/yiisoft/yii2/base/Module.php(455): yii\base\Controller->runAction('create', Array)
#7 /alidata/www/index/movienext-aliyun/advanced/vendor/yiisoft/yii2/web/Application.php(83): yii\base\Module->runAction('section/create', Array)
#8 /alidata/www/index/movienext-aliyun/advanced/vendor/yiisoft/yii2/base/Application.php(375): yii\web\Application->handleRequest(Object(yii\web\Request))
#9 /alidata/www/index/movienext-aliyun/advanced/api/web/index.php(18): yii\base\Application->run()
#10 {main}
2015-03-30 07:35:25 [192.168.33.1][-][-][warning][yii\debug\Module::checkAccess] Access to debugger is denied due to IP address restriction. The requesting IP address is 192.168.33.1
2015-03-30 07:35:24 [192.168.33.1][-][-][info][application] $_GET = [
    'r' => 'section/create'
]

$_SERVER = [
    'USER' => 'vagrant'
    'HOME' => '/home/vagrant'
    'FCGI_ROLE' => 'RESPONDER'
    'QUERY_STRING' => 'r=section%2Fcreate'
    'REQUEST_METHOD' => 'GET'
    'CONTENT_TYPE' => ''
    'CONTENT_LENGTH' => ''
    'SCRIPT_NAME' => '/index.php'
    'REQUEST_URI' => '/index.php?r=section%2Fcreate'
    'DOCUMENT_URI' => '/index.php'
    'DOCUMENT_ROOT' => '/alidata/www/index/movienext-aliyun/advanced/api/web'
    'SERVER_PROTOCOL' => 'HTTP/1.1'
    'GATEWAY_INTERFACE' => 'CGI/1.1'
    'SERVER_SOFTWARE' => 'nginx/1.0.0'
    'REMOTE_ADDR' => '192.168.33.1'
    'REMOTE_PORT' => '65240'
    'SERVER_ADDR' => '192.168.33.10'
    'SERVER_PORT' => '80'
    'SERVER_NAME' => 'api.dev.com'
    'REDIRECT_STATUS' => '200'
    'SCRIPT_FILENAME' => '/alidata/www/index/movienext-aliyun/advanced/api/web//index.php'
    'HTTP_HOST' => 'api.dev.com'
    'HTTP_CONNECTION' => 'keep-alive'
    'HTTP_ACCEPT' => 'text/html,application/xhtml+xml,application/xml;q=0.9,image/webp,*/*;q=0.8'
    'HTTP_USER_AGENT' => 'Mozilla/5.0 (Macintosh; Intel Mac OS X 10_10_3) AppleWebKit/537.36 (KHTML, like Gecko) Chrome/41.0.2272.104 Safari/537.36'
    'HTTP_ACCEPT_ENCODING' => 'gzip, deflate, sdch'
    'HTTP_ACCEPT_LANGUAGE' => 'zh-CN,zh;q=0.8,en;q=0.6'
    'PHP_SELF' => '/index.php'
    'REQUEST_TIME_FLOAT' => 1427700924.6821
    'REQUEST_TIME' => 1427700924
]
2015-03-30 07:35:39 [192.168.33.1][-][-][warning][yii\debug\Module::checkAccess] Access to debugger is denied due to IP address restriction. The requesting IP address is 192.168.33.1
    in /alidata/www/index/movienext-aliyun/advanced/api/views/layouts/main.php:68
    in /alidata/www/index/movienext-aliyun/advanced/backend/controllers/SiteController.php:73
2015-03-30 07:35:39 [192.168.33.1][-][-][info][application] $_GET = [
    'r' => 'site/login'
]

$_COOKIE = [
    'PHPSESSID' => '8poo73ofo95eotr4upmkj9bat2'
]

$_SESSION = [
    '__flash' => []
]

$_SERVER = [
    'USER' => 'vagrant'
    'HOME' => '/home/vagrant'
    'FCGI_ROLE' => 'RESPONDER'
    'QUERY_STRING' => 'r=site%2Flogin'
    'REQUEST_METHOD' => 'GET'
    'CONTENT_TYPE' => ''
    'CONTENT_LENGTH' => ''
    'SCRIPT_NAME' => '/index.php'
    'REQUEST_URI' => '/index.php?r=site%2Flogin'
    'DOCUMENT_URI' => '/index.php'
    'DOCUMENT_ROOT' => '/alidata/www/index/movienext-aliyun/advanced/api/web'
    'SERVER_PROTOCOL' => 'HTTP/1.1'
    'GATEWAY_INTERFACE' => 'CGI/1.1'
    'SERVER_SOFTWARE' => 'nginx/1.0.0'
    'REMOTE_ADDR' => '192.168.33.1'
    'REMOTE_PORT' => '65240'
    'SERVER_ADDR' => '192.168.33.10'
    'SERVER_PORT' => '80'
    'SERVER_NAME' => 'api.dev.com'
    'REDIRECT_STATUS' => '200'
    'SCRIPT_FILENAME' => '/alidata/www/index/movienext-aliyun/advanced/api/web//index.php'
    'HTTP_HOST' => 'api.dev.com'
    'HTTP_CONNECTION' => 'keep-alive'
    'HTTP_ACCEPT' => 'text/html,application/xhtml+xml,application/xml;q=0.9,image/webp,*/*;q=0.8'
    'HTTP_USER_AGENT' => 'Mozilla/5.0 (Macintosh; Intel Mac OS X 10_10_3) AppleWebKit/537.36 (KHTML, like Gecko) Chrome/41.0.2272.104 Safari/537.36'
    'HTTP_ACCEPT_ENCODING' => 'gzip, deflate, sdch'
    'HTTP_ACCEPT_LANGUAGE' => 'zh-CN,zh;q=0.8,en;q=0.6'
    'HTTP_COOKIE' => 'PHPSESSID=8poo73ofo95eotr4upmkj9bat2'
    'PHP_SELF' => '/index.php'
    'REQUEST_TIME_FLOAT' => 1427700939.1692
    'REQUEST_TIME' => 1427700939
]
2015-03-30 08:34:46 [192.168.33.1][-][-][error][yii\web\HttpException:404] exception 'yii\web\NotFoundHttpException' with message '页面未找到。' in /alidata/www/index/movienext-aliyun/advanced/vendor/yiisoft/yii2/web/Request.php:187
Stack trace:
#0 /alidata/www/index/movienext-aliyun/advanced/vendor/yiisoft/yii2/web/Application.php(75): yii\web\Request->resolve()
#1 /alidata/www/index/movienext-aliyun/advanced/vendor/yiisoft/yii2/base/Application.php(375): yii\web\Application->handleRequest(Object(yii\web\Request))
#2 /alidata/www/index/movienext-aliyun/advanced/api/web/index.php(18): yii\base\Application->run()
#3 {main}
2015-03-30 08:34:46 [192.168.33.1][-][-][info][application] $_COOKIE = [
    'PHPSESSID' => '8poo73ofo95eotr4upmkj9bat2'
    '_csrf' => '85254a91b5edabfb6b862d7d0ba7167d8b4413c36623e23396d09b01e11bb587a:2:{i:0;s:5:\"_csrf\";i:1;s:32:\"7bOZTHZRuf1WGxQpiLNd74bg02Gfav5M\";}'
]

$_SERVER = [
    'USER' => 'vagrant'
    'HOME' => '/home/vagrant'
    'FCGI_ROLE' => 'RESPONDER'
    'QUERY_STRING' => ''
    'REQUEST_METHOD' => 'GET'
    'CONTENT_TYPE' => ''
    'CONTENT_LENGTH' => ''
    'SCRIPT_NAME' => '/index.php'
    'REQUEST_URI' => '/Users/1'
    'DOCUMENT_URI' => '/index.php'
    'DOCUMENT_ROOT' => '/alidata/www/index/movienext-aliyun/advanced/api/web'
    'SERVER_PROTOCOL' => 'HTTP/1.1'
    'GATEWAY_INTERFACE' => 'CGI/1.1'
    'SERVER_SOFTWARE' => 'nginx/1.0.0'
    'REMOTE_ADDR' => '192.168.33.1'
    'REMOTE_PORT' => '51478'
    'SERVER_ADDR' => '192.168.33.10'
    'SERVER_PORT' => '80'
    'SERVER_NAME' => 'api.dev.com'
    'REDIRECT_STATUS' => '200'
    'SCRIPT_FILENAME' => '/alidata/www/index/movienext-aliyun/advanced/api/web//index.php'
    'HTTP_HOST' => 'api.dev.com'
    'HTTP_CONNECTION' => 'keep-alive'
    'HTTP_ACCEPT' => 'text/html,application/xhtml+xml,application/xml;q=0.9,image/webp,*/*;q=0.8'
    'HTTP_USER_AGENT' => 'Mozilla/5.0 (Macintosh; Intel Mac OS X 10_10_3) AppleWebKit/537.36 (KHTML, like Gecko) Chrome/41.0.2272.104 Safari/537.36'
    'HTTP_ACCEPT_ENCODING' => 'gzip, deflate, sdch'
    'HTTP_ACCEPT_LANGUAGE' => 'zh-CN,zh;q=0.8,en;q=0.6'
    'HTTP_COOKIE' => 'PHPSESSID=8poo73ofo95eotr4upmkj9bat2; _csrf=85254a91b5edabfb6b862d7d0ba7167d8b4413c36623e23396d09b01e11bb587a%3A2%3A%7Bi%3A0%3Bs%3A5%3A%22_csrf%22%3Bi%3A1%3Bs%3A32%3A%227bOZTHZRuf1WGxQpiLNd74bg02Gfav5M%22%3B%7D'
    'PHP_SELF' => '/index.php'
    'REQUEST_TIME_FLOAT' => 1427704486.2314
    'REQUEST_TIME' => 1427704486
]
2015-03-30 08:34:53 [192.168.33.1][-][-][error][yii\web\HttpException:404] exception 'yii\web\NotFoundHttpException' with message '页面未找到。' in /alidata/www/index/movienext-aliyun/advanced/vendor/yiisoft/yii2/web/Request.php:187
Stack trace:
#0 /alidata/www/index/movienext-aliyun/advanced/vendor/yiisoft/yii2/web/Application.php(75): yii\web\Request->resolve()
#1 /alidata/www/index/movienext-aliyun/advanced/vendor/yiisoft/yii2/base/Application.php(375): yii\web\Application->handleRequest(Object(yii\web\Request))
#2 /alidata/www/index/movienext-aliyun/advanced/api/web/index.php(18): yii\base\Application->run()
#3 {main}
2015-03-30 08:34:53 [192.168.33.1][-][-][info][application] $_COOKIE = [
    'PHPSESSID' => '8poo73ofo95eotr4upmkj9bat2'
    '_csrf' => '85254a91b5edabfb6b862d7d0ba7167d8b4413c36623e23396d09b01e11bb587a:2:{i:0;s:5:\"_csrf\";i:1;s:32:\"7bOZTHZRuf1WGxQpiLNd74bg02Gfav5M\";}'
]

$_SERVER = [
    'USER' => 'vagrant'
    'HOME' => '/home/vagrant'
    'FCGI_ROLE' => 'RESPONDER'
    'QUERY_STRING' => ''
    'REQUEST_METHOD' => 'GET'
    'CONTENT_TYPE' => ''
    'CONTENT_LENGTH' => ''
    'SCRIPT_NAME' => '/index.php'
    'REQUEST_URI' => '/Users/1'
    'DOCUMENT_URI' => '/index.php'
    'DOCUMENT_ROOT' => '/alidata/www/index/movienext-aliyun/advanced/api/web'
    'SERVER_PROTOCOL' => 'HTTP/1.1'
    'GATEWAY_INTERFACE' => 'CGI/1.1'
    'SERVER_SOFTWARE' => 'nginx/1.0.0'
    'REMOTE_ADDR' => '192.168.33.1'
    'REMOTE_PORT' => '51478'
    'SERVER_ADDR' => '192.168.33.10'
    'SERVER_PORT' => '80'
    'SERVER_NAME' => 'api.dev.com'
    'REDIRECT_STATUS' => '200'
    'SCRIPT_FILENAME' => '/alidata/www/index/movienext-aliyun/advanced/api/web//index.php'
    'HTTP_HOST' => 'api.dev.com'
    'HTTP_CONNECTION' => 'keep-alive'
    'HTTP_CACHE_CONTROL' => 'max-age=0'
    'HTTP_ACCEPT' => 'text/html,application/xhtml+xml,application/xml;q=0.9,image/webp,*/*;q=0.8'
    'HTTP_USER_AGENT' => 'Mozilla/5.0 (Macintosh; Intel Mac OS X 10_10_3) AppleWebKit/537.36 (KHTML, like Gecko) Chrome/41.0.2272.104 Safari/537.36'
    'HTTP_ACCEPT_ENCODING' => 'gzip, deflate, sdch'
    'HTTP_ACCEPT_LANGUAGE' => 'zh-CN,zh;q=0.8,en;q=0.6'
    'HTTP_COOKIE' => 'PHPSESSID=8poo73ofo95eotr4upmkj9bat2; _csrf=85254a91b5edabfb6b862d7d0ba7167d8b4413c36623e23396d09b01e11bb587a%3A2%3A%7Bi%3A0%3Bs%3A5%3A%22_csrf%22%3Bi%3A1%3Bs%3A32%3A%227bOZTHZRuf1WGxQpiLNd74bg02Gfav5M%22%3B%7D'
    'PHP_SELF' => '/index.php'
    'REQUEST_TIME_FLOAT' => 1427704493.6141
    'REQUEST_TIME' => 1427704493
]
2015-03-30 08:34:58 [192.168.33.1][-][-][error][yii\web\HttpException:404] exception 'yii\web\NotFoundHttpException' with message '页面未找到。' in /alidata/www/index/movienext-aliyun/advanced/vendor/yiisoft/yii2/web/Request.php:187
Stack trace:
#0 /alidata/www/index/movienext-aliyun/advanced/vendor/yiisoft/yii2/web/Application.php(75): yii\web\Request->resolve()
#1 /alidata/www/index/movienext-aliyun/advanced/vendor/yiisoft/yii2/base/Application.php(375): yii\web\Application->handleRequest(Object(yii\web\Request))
#2 /alidata/www/index/movienext-aliyun/advanced/api/web/index.php(18): yii\base\Application->run()
#3 {main}
2015-03-30 08:34:58 [192.168.33.1][-][-][info][application] $_COOKIE = [
    'PHPSESSID' => '8poo73ofo95eotr4upmkj9bat2'
    '_csrf' => '85254a91b5edabfb6b862d7d0ba7167d8b4413c36623e23396d09b01e11bb587a:2:{i:0;s:5:\"_csrf\";i:1;s:32:\"7bOZTHZRuf1WGxQpiLNd74bg02Gfav5M\";}'
]

$_SERVER = [
    'USER' => 'vagrant'
    'HOME' => '/home/vagrant'
    'FCGI_ROLE' => 'RESPONDER'
    'QUERY_STRING' => ''
    'REQUEST_METHOD' => 'GET'
    'CONTENT_TYPE' => ''
    'CONTENT_LENGTH' => ''
    'SCRIPT_NAME' => '/index.php'
    'REQUEST_URI' => '/'
    'DOCUMENT_URI' => '/index.php'
    'DOCUMENT_ROOT' => '/alidata/www/index/movienext-aliyun/advanced/api/web'
    'SERVER_PROTOCOL' => 'HTTP/1.1'
    'GATEWAY_INTERFACE' => 'CGI/1.1'
    'SERVER_SOFTWARE' => 'nginx/1.0.0'
    'REMOTE_ADDR' => '192.168.33.1'
    'REMOTE_PORT' => '51478'
    'SERVER_ADDR' => '192.168.33.10'
    'SERVER_PORT' => '80'
    'SERVER_NAME' => 'api.dev.com'
    'REDIRECT_STATUS' => '200'
    'SCRIPT_FILENAME' => '/alidata/www/index/movienext-aliyun/advanced/api/web//index.php'
    'HTTP_HOST' => 'api.dev.com'
    'HTTP_CONNECTION' => 'keep-alive'
    'HTTP_ACCEPT' => 'text/html,application/xhtml+xml,application/xml;q=0.9,image/webp,*/*;q=0.8'
    'HTTP_USER_AGENT' => 'Mozilla/5.0 (Macintosh; Intel Mac OS X 10_10_3) AppleWebKit/537.36 (KHTML, like Gecko) Chrome/41.0.2272.104 Safari/537.36'
    'HTTP_ACCEPT_ENCODING' => 'gzip, deflate, sdch'
    'HTTP_ACCEPT_LANGUAGE' => 'zh-CN,zh;q=0.8,en;q=0.6'
    'HTTP_COOKIE' => 'PHPSESSID=8poo73ofo95eotr4upmkj9bat2; _csrf=85254a91b5edabfb6b862d7d0ba7167d8b4413c36623e23396d09b01e11bb587a%3A2%3A%7Bi%3A0%3Bs%3A5%3A%22_csrf%22%3Bi%3A1%3Bs%3A32%3A%227bOZTHZRuf1WGxQpiLNd74bg02Gfav5M%22%3B%7D'
    'PHP_SELF' => '/index.php'
    'REQUEST_TIME_FLOAT' => 1427704498.6668
    'REQUEST_TIME' => 1427704498
]
2015-03-30 08:35:02 [192.168.33.1][-][-][error][yii\web\HttpException:404] exception 'yii\web\NotFoundHttpException' with message '页面未找到。' in /alidata/www/index/movienext-aliyun/advanced/vendor/yiisoft/yii2/web/Request.php:187
Stack trace:
#0 /alidata/www/index/movienext-aliyun/advanced/vendor/yiisoft/yii2/web/Application.php(75): yii\web\Request->resolve()
#1 /alidata/www/index/movienext-aliyun/advanced/vendor/yiisoft/yii2/base/Application.php(375): yii\web\Application->handleRequest(Object(yii\web\Request))
#2 /alidata/www/index/movienext-aliyun/advanced/api/web/index.php(18): yii\base\Application->run()
#3 {main}
2015-03-30 08:35:02 [192.168.33.1][-][-][info][application] $_COOKIE = [
    'PHPSESSID' => '8poo73ofo95eotr4upmkj9bat2'
    '_csrf' => '85254a91b5edabfb6b862d7d0ba7167d8b4413c36623e23396d09b01e11bb587a:2:{i:0;s:5:\"_csrf\";i:1;s:32:\"7bOZTHZRuf1WGxQpiLNd74bg02Gfav5M\";}'
]

$_SERVER = [
    'USER' => 'vagrant'
    'HOME' => '/home/vagrant'
    'FCGI_ROLE' => 'RESPONDER'
    'QUERY_STRING' => ''
    'REQUEST_METHOD' => 'GET'
    'CONTENT_TYPE' => ''
    'CONTENT_LENGTH' => ''
    'SCRIPT_NAME' => '/index.php'
    'REQUEST_URI' => '/'
    'DOCUMENT_URI' => '/index.php'
    'DOCUMENT_ROOT' => '/alidata/www/index/movienext-aliyun/advanced/api/web'
    'SERVER_PROTOCOL' => 'HTTP/1.1'
    'GATEWAY_INTERFACE' => 'CGI/1.1'
    'SERVER_SOFTWARE' => 'nginx/1.0.0'
    'REMOTE_ADDR' => '192.168.33.1'
    'REMOTE_PORT' => '51478'
    'SERVER_ADDR' => '192.168.33.10'
    'SERVER_PORT' => '80'
    'SERVER_NAME' => 'api.dev.com'
    'REDIRECT_STATUS' => '200'
    'SCRIPT_FILENAME' => '/alidata/www/index/movienext-aliyun/advanced/api/web//index.php'
    'HTTP_HOST' => 'api.dev.com'
    'HTTP_CONNECTION' => 'keep-alive'
    'HTTP_CACHE_CONTROL' => 'max-age=0'
    'HTTP_ACCEPT' => 'text/html,application/xhtml+xml,application/xml;q=0.9,image/webp,*/*;q=0.8'
    'HTTP_USER_AGENT' => 'Mozilla/5.0 (Macintosh; Intel Mac OS X 10_10_3) AppleWebKit/537.36 (KHTML, like Gecko) Chrome/41.0.2272.104 Safari/537.36'
    'HTTP_ACCEPT_ENCODING' => 'gzip, deflate, sdch'
    'HTTP_ACCEPT_LANGUAGE' => 'zh-CN,zh;q=0.8,en;q=0.6'
    'HTTP_COOKIE' => 'PHPSESSID=8poo73ofo95eotr4upmkj9bat2; _csrf=85254a91b5edabfb6b862d7d0ba7167d8b4413c36623e23396d09b01e11bb587a%3A2%3A%7Bi%3A0%3Bs%3A5%3A%22_csrf%22%3Bi%3A1%3Bs%3A32%3A%227bOZTHZRuf1WGxQpiLNd74bg02Gfav5M%22%3B%7D'
    'PHP_SELF' => '/index.php'
    'REQUEST_TIME_FLOAT' => 1427704502.5914
    'REQUEST_TIME' => 1427704502
]
2015-03-30 08:35:24 [192.168.33.1][-][-][error][yii\web\HttpException:404] exception 'yii\web\NotFoundHttpException' with message '页面未找到。' in /alidata/www/index/movienext-aliyun/advanced/vendor/yiisoft/yii2/web/Request.php:187
Stack trace:
#0 /alidata/www/index/movienext-aliyun/advanced/vendor/yiisoft/yii2/web/Application.php(75): yii\web\Request->resolve()
#1 /alidata/www/index/movienext-aliyun/advanced/vendor/yiisoft/yii2/base/Application.php(375): yii\web\Application->handleRequest(Object(yii\web\Request))
#2 /alidata/www/index/movienext-aliyun/advanced/api/web/index.php(18): yii\base\Application->run()
#3 {main}
2015-03-30 08:35:24 [192.168.33.1][-][-][info][application] $_COOKIE = [
    'PHPSESSID' => '8poo73ofo95eotr4upmkj9bat2'
    '_csrf' => '85254a91b5edabfb6b862d7d0ba7167d8b4413c36623e23396d09b01e11bb587a:2:{i:0;s:5:\"_csrf\";i:1;s:32:\"7bOZTHZRuf1WGxQpiLNd74bg02Gfav5M\";}'
]

$_SERVER = [
    'USER' => 'vagrant'
    'HOME' => '/home/vagrant'
    'FCGI_ROLE' => 'RESPONDER'
    'QUERY_STRING' => ''
    'REQUEST_METHOD' => 'GET'
    'CONTENT_TYPE' => ''
    'CONTENT_LENGTH' => ''
    'SCRIPT_NAME' => '/index.php'
    'REQUEST_URI' => '/user'
    'DOCUMENT_URI' => '/index.php'
    'DOCUMENT_ROOT' => '/alidata/www/index/movienext-aliyun/advanced/api/web'
    'SERVER_PROTOCOL' => 'HTTP/1.1'
    'GATEWAY_INTERFACE' => 'CGI/1.1'
    'SERVER_SOFTWARE' => 'nginx/1.0.0'
    'REMOTE_ADDR' => '192.168.33.1'
    'REMOTE_PORT' => '51478'
    'SERVER_ADDR' => '192.168.33.10'
    'SERVER_PORT' => '80'
    'SERVER_NAME' => 'api.dev.com'
    'REDIRECT_STATUS' => '200'
    'SCRIPT_FILENAME' => '/alidata/www/index/movienext-aliyun/advanced/api/web//index.php'
    'HTTP_HOST' => 'api.dev.com'
    'HTTP_CONNECTION' => 'keep-alive'
    'HTTP_ACCEPT' => 'text/html,application/xhtml+xml,application/xml;q=0.9,image/webp,*/*;q=0.8'
    'HTTP_USER_AGENT' => 'Mozilla/5.0 (Macintosh; Intel Mac OS X 10_10_3) AppleWebKit/537.36 (KHTML, like Gecko) Chrome/41.0.2272.104 Safari/537.36'
    'HTTP_ACCEPT_ENCODING' => 'gzip, deflate, sdch'
    'HTTP_ACCEPT_LANGUAGE' => 'zh-CN,zh;q=0.8,en;q=0.6'
    'HTTP_COOKIE' => 'PHPSESSID=8poo73ofo95eotr4upmkj9bat2; _csrf=85254a91b5edabfb6b862d7d0ba7167d8b4413c36623e23396d09b01e11bb587a%3A2%3A%7Bi%3A0%3Bs%3A5%3A%22_csrf%22%3Bi%3A1%3Bs%3A32%3A%227bOZTHZRuf1WGxQpiLNd74bg02Gfav5M%22%3B%7D'
    'PHP_SELF' => '/index.php'
    'REQUEST_TIME_FLOAT' => 1427704524.3101
    'REQUEST_TIME' => 1427704524
]
2015-04-01 03:30:39 [192.168.33.1][-][-][error][yii\web\HttpException:404] exception 'yii\web\NotFoundHttpException' with message '页面未找到。' in /alidata/www/index/movienext-aliyun/advanced/vendor/yiisoft/yii2/web/Request.php:187
Stack trace:
#0 /alidata/www/index/movienext-aliyun/advanced/vendor/yiisoft/yii2/web/Application.php(75): yii\web\Request->resolve()
#1 /alidata/www/index/movienext-aliyun/advanced/vendor/yiisoft/yii2/base/Application.php(375): yii\web\Application->handleRequest(Object(yii\web\Request))
#2 /alidata/www/index/movienext-aliyun/advanced/api/web/index.php(18): yii\base\Application->run()
#3 {main}
2015-04-01 03:30:39 [192.168.33.1][-][-][info][application] $_SERVER = [
    'USER' => 'vagrant'
    'HOME' => '/home/vagrant'
    'FCGI_ROLE' => 'RESPONDER'
    'QUERY_STRING' => ''
    'REQUEST_METHOD' => 'GET'
    'CONTENT_TYPE' => ''
    'CONTENT_LENGTH' => ''
    'SCRIPT_NAME' => '/index.php'
    'REQUEST_URI' => '/'
    'DOCUMENT_URI' => '/index.php'
    'DOCUMENT_ROOT' => '/alidata/www/index/movienext-aliyun/advanced/api/web'
    'SERVER_PROTOCOL' => 'HTTP/1.1'
    'GATEWAY_INTERFACE' => 'CGI/1.1'
    'SERVER_SOFTWARE' => 'nginx/1.0.0'
    'REMOTE_ADDR' => '192.168.33.1'
    'REMOTE_PORT' => '55923'
    'SERVER_ADDR' => '192.168.33.10'
    'SERVER_PORT' => '80'
    'SERVER_NAME' => 'api.dev.com'
    'REDIRECT_STATUS' => '200'
    'SCRIPT_FILENAME' => '/alidata/www/index/movienext-aliyun/advanced/api/web//index.php'
    'HTTP_HOST' => 'api.dev.com'
    'HTTP_CONNECTION' => 'keep-alive'
    'HTTP_ACCEPT' => 'text/html,application/xhtml+xml,application/xml;q=0.9,image/webp,*/*;q=0.8'
    'HTTP_USER_AGENT' => 'Mozilla/5.0 (Macintosh; Intel Mac OS X 10_10_3) AppleWebKit/537.36 (KHTML, like Gecko) Chrome/41.0.2272.104 Safari/537.36'
    'HTTP_ACCEPT_ENCODING' => 'gzip, deflate, sdch'
    'HTTP_ACCEPT_LANGUAGE' => 'zh-CN,zh;q=0.8,en;q=0.6'
    'PHP_SELF' => '/index.php'
    'REQUEST_TIME_FLOAT' => 1427859039.7542
    'REQUEST_TIME' => 1427859039
]
2015-04-01 03:30:42 [192.168.33.1][-][-][error][yii\web\HttpException:404] exception 'yii\web\NotFoundHttpException' with message '页面未找到。' in /alidata/www/index/movienext-aliyun/advanced/vendor/yiisoft/yii2/web/Request.php:187
Stack trace:
#0 /alidata/www/index/movienext-aliyun/advanced/vendor/yiisoft/yii2/web/Application.php(75): yii\web\Request->resolve()
#1 /alidata/www/index/movienext-aliyun/advanced/vendor/yiisoft/yii2/base/Application.php(375): yii\web\Application->handleRequest(Object(yii\web\Request))
#2 /alidata/www/index/movienext-aliyun/advanced/api/web/index.php(18): yii\base\Application->run()
#3 {main}
2015-04-01 03:30:42 [192.168.33.1][-][-][info][application] $_SERVER = [
    'USER' => 'vagrant'
    'HOME' => '/home/vagrant'
    'FCGI_ROLE' => 'RESPONDER'
    'QUERY_STRING' => ''
    'REQUEST_METHOD' => 'GET'
    'CONTENT_TYPE' => ''
    'CONTENT_LENGTH' => ''
    'SCRIPT_NAME' => '/index.php'
    'REQUEST_URI' => '/'
    'DOCUMENT_URI' => '/index.php'
    'DOCUMENT_ROOT' => '/alidata/www/index/movienext-aliyun/advanced/api/web'
    'SERVER_PROTOCOL' => 'HTTP/1.1'
    'GATEWAY_INTERFACE' => 'CGI/1.1'
    'SERVER_SOFTWARE' => 'nginx/1.0.0'
    'REMOTE_ADDR' => '192.168.33.1'
    'REMOTE_PORT' => '55923'
    'SERVER_ADDR' => '192.168.33.10'
    'SERVER_PORT' => '80'
    'SERVER_NAME' => 'api.dev.com'
    'REDIRECT_STATUS' => '200'
    'SCRIPT_FILENAME' => '/alidata/www/index/movienext-aliyun/advanced/api/web//index.php'
    'HTTP_HOST' => 'api.dev.com'
    'HTTP_CONNECTION' => 'keep-alive'
    'HTTP_CACHE_CONTROL' => 'max-age=0'
    'HTTP_ACCEPT' => 'text/html,application/xhtml+xml,application/xml;q=0.9,image/webp,*/*;q=0.8'
    'HTTP_USER_AGENT' => 'Mozilla/5.0 (Macintosh; Intel Mac OS X 10_10_3) AppleWebKit/537.36 (KHTML, like Gecko) Chrome/41.0.2272.104 Safari/537.36'
    'HTTP_ACCEPT_ENCODING' => 'gzip, deflate, sdch'
    'HTTP_ACCEPT_LANGUAGE' => 'zh-CN,zh;q=0.8,en;q=0.6'
    'PHP_SELF' => '/index.php'
    'REQUEST_TIME_FLOAT' => 1427859042.4393
    'REQUEST_TIME' => 1427859042
]
2015-04-01 03:30:45 [192.168.33.1][-][-][error][yii\web\HttpException:404] exception 'yii\web\NotFoundHttpException' with message '页面未找到。' in /alidata/www/index/movienext-aliyun/advanced/vendor/yiisoft/yii2/web/Request.php:187
Stack trace:
#0 /alidata/www/index/movienext-aliyun/advanced/vendor/yiisoft/yii2/web/Application.php(75): yii\web\Request->resolve()
#1 /alidata/www/index/movienext-aliyun/advanced/vendor/yiisoft/yii2/base/Application.php(375): yii\web\Application->handleRequest(Object(yii\web\Request))
#2 /alidata/www/index/movienext-aliyun/advanced/api/web/index.php(18): yii\base\Application->run()
#3 {main}
2015-04-01 03:30:45 [192.168.33.1][-][-][info][application] $_SERVER = [
    'USER' => 'vagrant'
    'HOME' => '/home/vagrant'
    'FCGI_ROLE' => 'RESPONDER'
    'QUERY_STRING' => ''
    'REQUEST_METHOD' => 'GET'
    'CONTENT_TYPE' => ''
    'CONTENT_LENGTH' => ''
    'SCRIPT_NAME' => '/index.php'
    'REQUEST_URI' => '/'
    'DOCUMENT_URI' => '/index.php'
    'DOCUMENT_ROOT' => '/alidata/www/index/movienext-aliyun/advanced/api/web'
    'SERVER_PROTOCOL' => 'HTTP/1.1'
    'GATEWAY_INTERFACE' => 'CGI/1.1'
    'SERVER_SOFTWARE' => 'nginx/1.0.0'
    'REMOTE_ADDR' => '192.168.33.1'
    'REMOTE_PORT' => '55923'
    'SERVER_ADDR' => '192.168.33.10'
    'SERVER_PORT' => '80'
    'SERVER_NAME' => 'api.dev.com'
    'REDIRECT_STATUS' => '200'
    'SCRIPT_FILENAME' => '/alidata/www/index/movienext-aliyun/advanced/api/web//index.php'
    'HTTP_HOST' => 'api.dev.com'
    'HTTP_CONNECTION' => 'keep-alive'
    'HTTP_CACHE_CONTROL' => 'max-age=0'
    'HTTP_ACCEPT' => 'text/html,application/xhtml+xml,application/xml;q=0.9,image/webp,*/*;q=0.8'
    'HTTP_USER_AGENT' => 'Mozilla/5.0 (Macintosh; Intel Mac OS X 10_10_3) AppleWebKit/537.36 (KHTML, like Gecko) Chrome/41.0.2272.104 Safari/537.36'
    'HTTP_ACCEPT_ENCODING' => 'gzip, deflate, sdch'
    'HTTP_ACCEPT_LANGUAGE' => 'zh-CN,zh;q=0.8,en;q=0.6'
    'PHP_SELF' => '/index.php'
    'REQUEST_TIME_FLOAT' => 1427859045.5249
    'REQUEST_TIME' => 1427859045
]
2015-04-01 03:30:48 [192.168.33.1][-][-][error][yii\web\HttpException:404] exception 'yii\web\NotFoundHttpException' with message '页面未找到。' in /alidata/www/index/movienext-aliyun/advanced/vendor/yiisoft/yii2/web/Request.php:187
Stack trace:
#0 /alidata/www/index/movienext-aliyun/advanced/vendor/yiisoft/yii2/web/Application.php(75): yii\web\Request->resolve()
#1 /alidata/www/index/movienext-aliyun/advanced/vendor/yiisoft/yii2/base/Application.php(375): yii\web\Application->handleRequest(Object(yii\web\Request))
#2 /alidata/www/index/movienext-aliyun/advanced/api/web/index.php(18): yii\base\Application->run()
#3 {main}
2015-04-01 03:30:48 [192.168.33.1][-][-][info][application] $_SERVER = [
    'USER' => 'vagrant'
    'HOME' => '/home/vagrant'
    'FCGI_ROLE' => 'RESPONDER'
    'QUERY_STRING' => ''
    'REQUEST_METHOD' => 'GET'
    'CONTENT_TYPE' => ''
    'CONTENT_LENGTH' => ''
    'SCRIPT_NAME' => '/index.php'
    'REQUEST_URI' => '/'
    'DOCUMENT_URI' => '/index.php'
    'DOCUMENT_ROOT' => '/alidata/www/index/movienext-aliyun/advanced/api/web'
    'SERVER_PROTOCOL' => 'HTTP/1.1'
    'GATEWAY_INTERFACE' => 'CGI/1.1'
    'SERVER_SOFTWARE' => 'nginx/1.0.0'
    'REMOTE_ADDR' => '192.168.33.1'
    'REMOTE_PORT' => '55923'
    'SERVER_ADDR' => '192.168.33.10'
    'SERVER_PORT' => '80'
    'SERVER_NAME' => 'api.dev.com'
    'REDIRECT_STATUS' => '200'
    'SCRIPT_FILENAME' => '/alidata/www/index/movienext-aliyun/advanced/api/web//index.php'
    'HTTP_HOST' => 'api.dev.com'
    'HTTP_CONNECTION' => 'keep-alive'
    'HTTP_CACHE_CONTROL' => 'max-age=0'
    'HTTP_ACCEPT' => 'text/html,application/xhtml+xml,application/xml;q=0.9,image/webp,*/*;q=0.8'
    'HTTP_USER_AGENT' => 'Mozilla/5.0 (Macintosh; Intel Mac OS X 10_10_3) AppleWebKit/537.36 (KHTML, like Gecko) Chrome/41.0.2272.104 Safari/537.36'
    'HTTP_ACCEPT_ENCODING' => 'gzip, deflate, sdch'
    'HTTP_ACCEPT_LANGUAGE' => 'zh-CN,zh;q=0.8,en;q=0.6'
    'PHP_SELF' => '/index.php'
    'REQUEST_TIME_FLOAT' => 1427859048.0126
    'REQUEST_TIME' => 1427859048
]
